[33m[nodemon] 3.1.11[39m
[33m[nodemon] to restart at any time, enter `rs`[39m
[33m[nodemon] watching path(s): *.*[39m
[33m[nodemon] watching extensions: js,mjs,cjs,json[39m
[32m[nodemon] starting `node index.js`[39m
Server running on http://localhost:3456
[32m[nodemon] restarting due to changes...[39m
[32m[nodemon] starting `node index.js`[39m
Server running on http://localhost:3456
[32m[nodemon] restarting due to changes...[39m
[32m[nodemon] starting `node index.js`[39m
Server running on http://localhost:3456
[32m[nodemon] restarting due to changes...[39m
[32m[nodemon] starting `node index.js`[39m
Server running on http://localhost:3456
[32m[nodemon] restarting due to changes...[39m
[32m[nodemon] starting `node index.js`[39m
Server running on http://localhost:3456
[31m[nodemon] app crashed - waiting for file changes before starting...[39m
[32m[nodemon] restarting child process[39m
[32m[nodemon] starting `node index.js`[39m
Server running on http://localhost:3456
